{"D:\\Lecturer\\JCWD2204\\Fundamental\\testing.js": {"path":"D:\\Lecturer\\JCWD2204\\Fundamental\\testing.js","statementMap":{"0":{"start":{"line":1,"column":12},"end":{"line":3,"column":1}},"1":{"start":{"line":2,"column":2},"end":{"line":2,"column":15}},"2":{"start":{"line":5,"column":21},"end":{"line":7,"column":1}},"3":{"start":{"line":6,"column":2},"end":{"line":6,"column":15}},"4":{"start":{"line":9,"column":16},"end":{"line":16,"column":1}},"5":{"start":{"line":10,"column":16},"end":{"line":10,"column":17}},"6":{"start":{"line":11,"column":2},"end":{"line":13,"column":3}},"7":{"start":{"line":11,"column":15},"end":{"line":11,"column":16}},"8":{"start":{"line":12,"column":4},"end":{"line":12,"column":17}},"9":{"start":{"line":15,"column":2},"end":{"line":15,"column":17}},"10":{"start":{"line":18,"column":0},"end":{"line":21,"column":2}}},"fnMap":{"0":{"name":"(anonymous_0)","decl":{"start":{"line":1,"column":12},"end":{"line":1,"column":13}},"loc":{"start":{"line":1,"column":18},"end":{"line":3,"column":1}},"line":1},"1":{"name":"(anonymous_1)","decl":{"start":{"line":5,"column":21},"end":{"line":5,"column":22}},"loc":{"start":{"line":5,"column":27},"end":{"line":7,"column":1}},"line":5},"2":{"name":"(anonymous_2)","decl":{"start":{"line":9,"column":16},"end":{"line":9,"column":17}},"loc":{"start":{"line":9,"column":23},"end":{"line":16,"column":1}},"line":9}},"branchMap":{},"s":{"0":1,"1":1,"2":1,"3":0,"4":1,"5":1,"6":1,"7":1,"8":3,"9":1,"10":1},"f":{"0":1,"1":0,"2":1},"b":{},"_coverageSchema":"1a1c01bbd47fc00a2c39e90264f33305004495a9","hash":"9a8ba9cbbd6d7168ffafd9333c8dc67c0fd72a0f"}
}
